<?xml version="1.0" encoding="UTF-8"?>
<!-- Generated by org.testng.reporters.JUnitReportReporter -->
<testsuite skipped="0" hostname="DG" name="V1.org.flipkart.com.smoke_and_sanity_tests.ValidateLoginPage" tests="1" failures="0" timestamp="2022-03-20T17:45:06 IST" time="28.033" errors="0">
  <testcase name="validateLoginFunctionality" time="28.033" classname="V1.org.flipkart.com.smoke_and_sanity_tests.ValidateLoginPage"/>
  <system-out/>
</testsuite> <!-- V1.org.flipkart.com.smoke_and_sanity_tests.ValidateLoginPage -->
