<?xml version="1.0" encoding="UTF-8"?>
<!-- Generated by org.testng.reporters.JUnitReportReporter -->
<testsuite skipped="1" hostname="DG" name="V1.org.flipkart.com.smoke_and_sanity_tests.ValidateLoginPage" tests="2" failures="0" timestamp="2022-03-21T20:07:26 IST" time="46.486" errors="0">
  <testcase name="validateLoginFunctionality" time="46.486" classname="V1.org.flipkart.com.smoke_and_sanity_tests.ValidateLoginPage"/>
  <system-out/>
  <testcase name="validateLoginPageUI" classname="V1.org.flipkart.com.smoke_and_sanity_tests.ValidateLoginPage">
    <skipped/>
  </testcase> <!-- validateLoginPageUI -->
  <system-out/>
</testsuite> <!-- V1.org.flipkart.com.smoke_and_sanity_tests.ValidateLoginPage -->
