<?xml version="1.0" encoding="UTF-8"?>
<!-- Generated by org.testng.reporters.JUnitReportReporter -->
<testsuite skipped="0" hostname="DG" name="V1.org.flipkart.com.smoke_and_sanity_tests.validateFlipkartHomepageUI" tests="1" failures="0" timestamp="2022-03-20T16:55:12 IST" time="11.205" errors="0">
  <testcase name="validateHomepageUI" time="11.205" classname="V1.org.flipkart.com.smoke_and_sanity_tests.validateFlipkartHomepageUI"/>
  <system-out/>
</testsuite> <!-- V1.org.flipkart.com.smoke_and_sanity_tests.validateFlipkartHomepageUI -->
