<?xml version="1.0" encoding="UTF-8"?>
<!-- Generated by org.testng.reporters.JUnitReportReporter -->
<testsuite skipped="0" hostname="DG" name="V1.org.flipkart.com.smoke_and_sanity_tests.ValidateLoginPage" tests="2" failures="0" timestamp="2022-03-20T22:37:09 IST" time="12.199" errors="0">
  <testcase name="validateLoginPageUI" time="5.576" classname="V1.org.flipkart.com.smoke_and_sanity_tests.ValidateLoginPage"/>
  <system-out/>
  <testcase name="validateLoginFunctionality" time="6.623" classname="V1.org.flipkart.com.smoke_and_sanity_tests.ValidateLoginPage"/>
  <system-out/>
</testsuite> <!-- V1.org.flipkart.com.smoke_and_sanity_tests.ValidateLoginPage -->
