<?xml version="1.0" encoding="UTF-8"?>
<!-- Generated by org.testng.reporters.JUnitReportReporter -->
<testsuite skipped="0" hostname="DG" name="V1.org.flipkart.com.smoke_and_sanity_tests.homepage.validateFlipkartHomepageUI" tests="1" failures="0" timestamp="2022-03-20T13:54:04 IST" time="14.745" errors="0">
  <testcase name="validateHomepageUI" time="14.745" classname="V1.org.flipkart.com.smoke_and_sanity_tests.homepage.validateFlipkartHomepageUI"/>
  <system-out/>
</testsuite> <!-- V1.org.flipkart.com.smoke_and_sanity_tests.homepage.validateFlipkartHomepageUI -->
